<?xml version="1.0" encoding="UTF-8"?>
<testng-results ignored="0" total="4" passed="4" failed="0" skipped="0">
  <reporter-output>
  </reporter-output>
  <suite started-at="2022-08-20T06:50:27 IST" name="Default suite" finished-at="2022-08-20T06:50:44 IST" duration-ms="16683">
    <groups>
    </groups>
    <test started-at="2022-08-20T06:50:27 IST" name="Default test" finished-at="2022-08-20T06:50:44 IST" duration-ms="16683">
      <class name="testCases.HomePageTest">
        <test-method is-config="true" signature="setUp()[pri:0, instance:testCases.HomePageTest@1df8da7a]" started-at="2022-08-20T06:50:27 IST" name="setUp" finished-at="2022-08-20T06:50:33 IST" duration-ms="6132" status="PASS">
          <reporter-output>
          </reporter-output>
        </test-method> <!-- setUp -->
        <test-method signature="verifyHomePageTitle()[pri:0, instance:testCases.HomePageTest@1df8da7a]" started-at="2022-08-20T06:50:33 IST" name="verifyHomePageTitle" finished-at="2022-08-20T06:50:33 IST" duration-ms="18" status="PASS">
          <reporter-output>
          </reporter-output>
        </test-method> <!-- verifyHomePageTitle -->
        <test-method is-config="true" signature="terDown()[pri:0, instance:testCases.HomePageTest@1df8da7a]" started-at="2022-08-20T06:50:33 IST" name="terDown" finished-at="2022-08-20T06:50:33 IST" duration-ms="115" status="PASS">
          <reporter-output>
          </reporter-output>
        </test-method> <!-- terDown -->
        <test-method is-config="true" signature="setUp()[pri:0, instance:testCases.HomePageTest@1df8da7a]" started-at="2022-08-20T06:50:33 IST" name="setUp" finished-at="2022-08-20T06:50:36 IST" duration-ms="3140" status="PASS">
          <reporter-output>
          </reporter-output>
        </test-method> <!-- setUp -->
        <test-method signature="verifyMyAccount()[pri:0, instance:testCases.HomePageTest@1df8da7a]" started-at="2022-08-20T06:50:36 IST" name="verifyMyAccount" finished-at="2022-08-20T06:50:36 IST" duration-ms="46" status="PASS">
          <reporter-output>
          </reporter-output>
        </test-method> <!-- verifyMyAccount -->
        <test-method is-config="true" signature="terDown()[pri:0, instance:testCases.HomePageTest@1df8da7a]" started-at="2022-08-20T06:50:36 IST" name="terDown" finished-at="2022-08-20T06:50:37 IST" duration-ms="100" status="PASS">
          <reporter-output>
          </reporter-output>
        </test-method> <!-- terDown -->
        <test-method is-config="true" signature="setUp()[pri:0, instance:testCases.HomePageTest@1df8da7a]" started-at="2022-08-20T06:50:37 IST" name="setUp" finished-at="2022-08-20T06:50:40 IST" duration-ms="3544" status="PASS">
          <reporter-output>
          </reporter-output>
        </test-method> <!-- setUp -->
        <test-method signature="verifySearchButton()[pri:0, instance:testCases.HomePageTest@1df8da7a]" started-at="2022-08-20T06:50:40 IST" name="verifySearchButton" finished-at="2022-08-20T06:50:40 IST" duration-ms="41" status="PASS">
          <reporter-output>
          </reporter-output>
        </test-method> <!-- verifySearchButton -->
        <test-method is-config="true" signature="terDown()[pri:0, instance:testCases.HomePageTest@1df8da7a]" started-at="2022-08-20T06:50:40 IST" name="terDown" finished-at="2022-08-20T06:50:40 IST" duration-ms="79" status="PASS">
          <reporter-output>
          </reporter-output>
        </test-method> <!-- terDown -->
        <test-method is-config="true" signature="setUp()[pri:0, instance:testCases.HomePageTest@1df8da7a]" started-at="2022-08-20T06:50:40 IST" name="setUp" finished-at="2022-08-20T06:50:44 IST" duration-ms="3308" status="PASS">
          <reporter-output>
          </reporter-output>
        </test-method> <!-- setUp -->
        <test-method signature="verifyTopNavigationBar()[pri:0, instance:testCases.HomePageTest@1df8da7a]" started-at="2022-08-20T06:50:44 IST" name="verifyTopNavigationBar" finished-at="2022-08-20T06:50:44 IST" duration-ms="31" status="PASS">
          <reporter-output>
          </reporter-output>
        </test-method> <!-- verifyTopNavigationBar -->
        <test-method is-config="true" signature="terDown()[pri:0, instance:testCases.HomePageTest@1df8da7a]" started-at="2022-08-20T06:50:44 IST" name="terDown" finished-at="2022-08-20T06:50:44 IST" duration-ms="92" status="PASS">
          <reporter-output>
          </reporter-output>
        </test-method> <!-- terDown -->
      </class> <!-- testCases.HomePageTest -->
    </test> <!-- Default test -->
  </suite> <!-- Default suite -->
</testng-results>
